Connection failed: could not find driver
Connection failed: could not find driver
Connection failed: could not find driver
Connection failed: could not find driver
Connection failed: could not find driver
Connection failed: could not find driver
Connection failed: could not find driver
Connection failed: could not find driver
Connection failed: could not find driver
Connection failed: could not find driver
Connection failed: could not find driver
Connection failed: could not find driver
Connection failed: could not find driver
Connection failed: could not find driver
Connection failed: could not find driver
Connection failed: could not find driver
Connection failed: could not find driver
Connection failed: could not find driver
Connection failed: could not find driver
Connection failed: could not find driver
Connection failed: could not find driver
Connection failed: could not find driver
Connection failed: could not find driver
Connection failed: could not find driver
Connection failed: could not find driver
Connection failed: could not find driver
Connection failed: could not find driver
Connection failed: could not find driver
Connection failed: could not find driver
Connection failed: could not find driver
Connection failed: could not find driver
Connection failed: could not find driver
Connection failed: could not find driver
Connection failed: could not find driver
Connection failed: could not find driver
Connection failed: could not find driver
Connection failed: could not find driver
Connection failed: could not find driver
Connection failed: could not find driver
Connection failed: could not find driver
Connection failed: could not find driver
Connection failed: could not find driver
Connection failed: could not find driver
Connection failed: could not find driver
Connection failed: could not find driver
Connection failed: could not find driver
Connection failed: could not find driver
Connection failed: could not find driver
Connection failed: could not find driver
Connection failed: could not find driver
Connection failed: could not find driver
Connection failed: could not find driver
Connection failed: could not find driver
Connection failed: could not find driver
Connection failed: could not find driver
Connection failed: could not find driver
Connection failed: could not find driver
Connection failed: could not find driver
Connection failed: could not find driver
Connection failed: could not find driver
Connection failed: could not find driver
Connection failed: could not find driver
Connection failed: could not find driver
Connection failed: could not find driver
Connection failed: could not find driver
Connection failed: could not find driver
Connection failed: could not find driver
Connection failed: could not find driver
Connection failed: could not find driver
Connection failed: could not find driver
Connection failed: could not find driver
Connection failed: could not find driver
Connection failed: could not find driver
Connection failed: could not find driver
Connection failed: could not find driver
Connection failed: could not find driver
Connection failed: could not find driver
Connection failed: could not find driver
Connection failed: could not find driver
Connection failed: could not find driver
Connection failed: could not find driver
Connection failed: could not find driver
Connection failed: could not find driver
Connection failed: could not find driver
Connection failed: could not find driver
Duplicate Entry: SQLSTATE[23000]: Integrity constraint violation: 1062 Duplicate entry 'b@b' for key 'users.Email'
Duplicate Entry: SQLSTATE[23000]: Integrity constraint violation: 1062 Duplicate entry 'b@b' for key 'users.Email'
Duplicate Entry: SQLSTATE[23000]: Integrity constraint violation: 1062 Duplicate entry 'b@b' for key 'users.Email'
Duplicate Entry: SQLSTATE[23000]: Integrity constraint violation: 1062 Duplicate entry 'b@b' for key 'users.Email'
Duplicate Entry: SQLSTATE[23000]: Integrity constraint violation: 1062 Duplicate entry 'o@o' for key 'users.Email'
Duplicate Entry: SQLSTATE[23000]: Integrity constraint violation: 1062 Duplicate entry 'o@o' for key 'users.Email'
Duplicate Entry: SQLSTATE[23000]: Integrity constraint violation: 1062 Duplicate entry 'o@o' for key 'users.Email'
Duplicate Entry: SQLSTATE[23000]: Integrity constraint violation: 1062 Duplicate entry 'o@o' for key 'users.Email'
Duplicate Entry: SQLSTATE[23000]: Integrity constraint violation: 1062 Duplicate entry 'o@o' for key 'users.Email'
Duplicate Entry: SQLSTATE[23000]: Integrity constraint violation: 1062 Duplicate entry 'o@o' for key 'users.Email'
Duplicate Entry: SQLSTATE[23000]: Integrity constraint violation: 1062 Duplicate entry 'b@b' for key 'users.Email'
Error during updating process: SQLSTATE[42S22]: Column not found: 1054 Unknown column 'ArticleID' in 'where clause'
Error during updating process: SQLSTATE[42S22]: Column not found: 1054 Unknown column 'ArticleID' in 'where clause'
Error during updating process: SQLSTATE[42S22]: Column not found: 1054 Unknown column 'ArticleID' in 'where clause'
Error during updating process: SQLSTATE[42S22]: Column not found: 1054 Unknown column 'ArticleID' in 'where clause'
Error during updating process: SQLSTATE[42S22]: Column not found: 1054 Unknown column 'ArticleID' in 'where clause'
Error during updating process: SQLSTATE[42S22]: Column not found: 1054 Unknown column 'ArticleID' in 'where clause'
Error during updating process: SQLSTATE[42S22]: Column not found: 1054 Unknown column 'ArticleID' in 'where clause'
Error during updating process: SQLSTATE[42S22]: Column not found: 1054 Unknown column 'ArticleID' in 'where clause'
Error during updating process: SQLSTATE[42S22]: Column not found: 1054 Unknown column 'ArticleID' in 'where clause'
Error during updating process: SQLSTATE[42S22]: Column not found: 1054 Unknown column 'ArticleID' in 'where clause'
Error during updating process: SQLSTATE[42S22]: Column not found: 1054 Unknown column 'ArticleID' in 'where clause'
Error during updating process: SQLSTATE[42S22]: Column not found: 1054 Unknown column 'ArticleID' in 'where clause'
Error during updating process: SQLSTATE[42S22]: Column not found: 1054 Unknown column 'ArticleID' in 'where clause'
Error during updating process: SQLSTATE[42S22]: Column not found: 1054 Unknown column 'ArticleID' in 'where clause'
Error during updating process: SQLSTATE[42S22]: Column not found: 1054 Unknown column 'ArticleID' in 'where clause'
Error during updating process: SQLSTATE[42S22]: Column not found: 1054 Unknown column 'ArticleID' in 'where clause'
Error during updating process: SQLSTATE[42S22]: Column not found: 1054 Unknown column 'ArticleID' in 'where clause'
Error during updating process: SQLSTATE[42S22]: Column not found: 1054 Unknown column 'ArticleID' in 'where clause'
Error during updating process: SQLSTATE[42S22]: Column not found: 1054 Unknown column 'ArticleID' in 'where clause'
Error during updating process: SQLSTATE[42S22]: Column not found: 1054 Unknown column 'ArticleID' in 'where clause'
Error during updating process: SQLSTATE[42S22]: Column not found: 1054 Unknown column 'ArticleID' in 'where clause'
Error during updating process: SQLSTATE[42S22]: Column not found: 1054 Unknown column 'ArticleID' in 'where clause'
Error during updating process: SQLSTATE[42S22]: Column not found: 1054 Unknown column 'ArticleID' in 'where clause'
Error during updating process: SQLSTATE[42S22]: Column not found: 1054 Unknown column 'ArticleID' in 'where clause'
Error during updating process: SQLSTATE[42S22]: Column not found: 1054 Unknown column 'ArticleID' in 'where clause'
Error during updating process: SQLSTATE[42S22]: Column not found: 1054 Unknown column 'ArticleID' in 'where clause'
Error during updating process: SQLSTATE[42S22]: Column not found: 1054 Unknown column 'ArticleID' in 'where clause'
Duplicate Entry: SQLSTATE[22001]: String data, right truncated: 1406 Data too long for column 'Password' at row 1
Duplicate Entry: SQLSTATE[22001]: String data, right truncated: 1406 Data too long for column 'Password' at row 1
Duplicate Entry: SQLSTATE[22001]: String data, right truncated: 1406 Data too long for column 'Password' at row 1
Duplicate Entry: SQLSTATE[22001]: String data, right truncated: 1406 Data too long for column 'Password' at row 1
Duplicate Entry: SQLSTATE[22001]: String data, right truncated: 1406 Data too long for column 'Password' at row 1
Duplicate Entry: SQLSTATE[22001]: String data, right truncated: 1406 Data too long for column 'Password' at row 1
Duplicate Entry: SQLSTATE[22001]: String data, right truncated: 1406 Data too long for column 'Password' at row 1
Duplicate Entry: SQLSTATE[22001]: String data, right truncated: 1406 Data too long for column 'Password' at row 1
Duplicate Entry: SQLSTATE[22001]: String data, right truncated: 1406 Data too long for column 'Password' at row 1
Duplicate Entry: SQLSTATE[22001]: String data, right truncated: 1406 Data too long for column 'Password' at row 1
Duplicate Entry: SQLSTATE[22001]: String data, right truncated: 1406 Data too long for column 'Password' at row 1
Connection failed: SQLSTATE[HY000] [2002] Aucune connexion n’a pu être établie car l’ordinateur cible l’a expressément refusée
Connection failed: SQLSTATE[HY000] [2002] Aucune connexion n’a pu être établie car l’ordinateur cible l’a expressément refusée
Connection failed: SQLSTATE[HY000] [2002] Aucune connexion n’a pu être établie car l’ordinateur cible l’a expressément refusée
Connection failed: SQLSTATE[HY000] [1045] Access denied for user 'user'@'localhost' (using password: YES)
Connection failed: SQLSTATE[HY000] [1045] Access denied for user 'user'@'localhost' (using password: YES)
Connection failed: SQLSTATE[HY000] [1045] Access denied for user 'user'@'localhost' (using password: YES)
Connection failed: SQLSTATE[HY000] [1045] Access denied for user 'user'@'localhost' (using password: YES)
Duplicate Entry: SQLSTATE[22001]: String data, right truncated: 1406 Data too long for column 'Password' at row 1
Duplicate Entry: SQLSTATE[22001]: String data, right truncated: 1406 Data too long for column 'Password' at row 1
Duplicate Entry: SQLSTATE[22001]: String data, right truncated: 1406 Data too long for column 'Password' at row 1
Duplicate Entry: SQLSTATE[22001]: String data, right truncated: 1406 Data too long for column 'Password' at row 1
Duplicate Entry: SQLSTATE[22001]: String data, right truncated: 1406 Data too long for column 'Password' at row 1
Duplicate Entry: SQLSTATE[23000]: Integrity constraint violation: 1062 Duplicate entry 'a@a' for key 'users.Email'
Duplicate Entry: SQLSTATE[HY000]: General error: 1364 Field 'NumArticle' doesn't have a default value
Duplicate Entry: SQLSTATE[HY000]: General error: 1364 Field 'NumArticle' doesn't have a default value
Duplicate Entry: SQLSTATE[21S01]: Insert value list does not match column list: 1136 Column count doesn't match value count at row 1
Duplicate Entry: SQLSTATE[21S01]: Insert value list does not match column list: 1136 Column count doesn't match value count at row 1
Duplicate Entry: SQLSTATE[21S01]: Insert value list does not match column list: 1136 Column count doesn't match value count at row 1
Duplicate Entry: SQLSTATE[21S01]: Insert value list does not match column list: 1136 Column count doesn't match value count at row 1
Duplicate Entry: SQLSTATE[21S01]: Insert value list does not match column list: 1136 Column count doesn't match value count at row 1
Duplicate Entry: SQLSTATE[21S01]: Insert value list does not match column list: 1136 Column count doesn't match value count at row 1
Duplicate Entry: SQLSTATE[21S01]: Insert value list does not match column list: 1136 Column count doesn't match value count at row 1
Duplicate Entry: SQLSTATE[21S01]: Insert value list does not match column list: 1136 Column count doesn't match value count at row 1
Duplicate Entry: SQLSTATE[42000]: Syntax error or access violation: 1064 You have an error in your SQL syntax; check the manual that corresponds to your MySQL server version for the right syntax to use near 'a.png, 'a.png')' at line 1
Duplicate Entry: SQLSTATE[42000]: Syntax error or access violation: 1064 You have an error in your SQL syntax; check the manual that corresponds to your MySQL server version for the right syntax to use near '.b.jpg, 'b.jpg')' at line 1
Duplicate Entry: SQLSTATE[HY000]: General error: 1364 Field 'NumArticle' doesn't have a default value
Duplicate Entry: SQLSTATE[HY000]: General error: 1364 Field 'NumArticle' doesn't have a default value
Duplicate Entry: SQLSTATE[HY000]: General error: 1364 Field 'NumArticle' doesn't have a default value
Error during updating process: SQLSTATE[22001]: String data, right truncated: 1406 Data too long for column 'Article_ID' at row 1
Error during updating process: SQLSTATE[22001]: String data, right truncated: 1406 Data too long for column 'Article_ID' at row 1
Error during updating process: SQLSTATE[42S22]: Column not found: 1054 Unknown column 'Username' in 'where clause'
Duplicate Entry: SQLSTATE[22001]: String data, right truncated: 1406 Data too long for column 'Password' at row 1
Duplicate Entry: SQLSTATE[22001]: String data, right truncated: 1406 Data too long for column 'Password' at row 1
Duplicate Entry: SQLSTATE[22001]: String data, right truncated: 1406 Data too long for column 'Password' at row 1
Duplicate Entry: SQLSTATE[HY000]: General error: 1366 Incorrect integer value: '' for column 'flag' at row 1
Duplicate Entry: SQLSTATE[HY000]: General error: 1366 Incorrect integer value: '' for column 'flag' at row 1
Duplicate Entry: SQLSTATE[HY000]: General error: 1366 Incorrect integer value: '' for column 'flag' at row 1
Duplicate Entry: SQLSTATE[42S22]: Column not found: 1054 Unknown column 'User' in 'field list'
Error during updating process: SQLSTATE[42S22]: Column not found: 1054 Unknown column 'idArticle' in 'where clause'
Duplicate Entry: SQLSTATE[42S22]: Column not found: 1054 Unknown column 'User' in 'field list'
Error during updating process: SQLSTATE[42S22]: Column not found: 1054 Unknown column 'idArticle' in 'where clause'
Error during updating process: SQLSTATE[42S22]: Column not found: 1054 Unknown column 'User' in 'where clause'
Duplicate Entry: SQLSTATE[42S22]: Column not found: 1054 Unknown column 'User' in 'field list'
Error during updating process: SQLSTATE[42S22]: Column not found: 1054 Unknown column 'idArticle' in 'where clause'
Error during updating process: SQLSTATE[42S22]: Column not found: 1054 Unknown column 'User' in 'where clause'
Duplicate Entry: SQLSTATE[42S22]: Column not found: 1054 Unknown column 'Quantity' in 'field list'
Error during updating process: SQLSTATE[42S22]: Column not found: 1054 Unknown column 'idArticle' in 'where clause'
Error during updating process: SQLSTATE[42S22]: Column not found: 1054 Unknown column 'User' in 'where clause'
Error during updating process: SQLSTATE[42S22]: Column not found: 1054 Unknown column 'idArticle' in 'where clause'
Error during updating process: SQLSTATE[42S22]: Column not found: 1054 Unknown column 'User' in 'where clause'
